[14:25:27] [ServerMain/INFO]: [bootstrap] Running Java 25 (Java HotSpot(TM) 64-Bit Server VM 25.0.1+8-LTS-27; Oracle Corporation null) on Mac OS X 15.4.1 (x86_64)
[14:25:27] [ServerMain/INFO]: [bootstrap] Loading Paper 1.21.11-127-main@bd74bf6 (2026-03-10T02:55:23Z) for Minecraft 1.21.11
[14:25:29] [ServerMain/INFO]: [PluginInitializerManager] Initializing plugins...
[14:25:29] [ServerMain/INFO]: [PluginInitializerManager] Initialized 0 plugins
[14:25:33] [ServerMain/INFO]: Environment: Environment[sessionHost=https://sessionserver.mojang.com, servicesHost=https://api.minecraftservices.com, profilesHost=https://api.mojang.com, name=PROD]
[14:25:35] [ServerMain/INFO]: Loaded 1470 recipes
[14:25:35] [ServerMain/INFO]: Loaded 1584 advancements
[14:25:35] [ServerMain/INFO]: [ca.spottedleaf.dataconverter.minecraft.datatypes.MCTypeRegistry] Initialising converters for DataConverter...
[14:25:36] [ServerMain/INFO]: [ca.spottedleaf.dataconverter.minecraft.datatypes.MCTypeRegistry] Finished initialising converters for DataConverter in 475.9ms
[14:25:36] [Server thread/INFO]: Starting minecraft server version 1.21.11
[14:25:36] [Server thread/INFO]: Loading properties
[14:25:36] [Server thread/INFO]: This server is running Paper version 1.21.11-127-main@bd74bf6 (2026-03-10T02:55:23Z) (Implementing API version 1.21.11-R0.1-SNAPSHOT)
[14:25:36] [Server thread/INFO]: [spark] This server bundles the spark profiler. For more information please visit https://docs.papermc.io/paper/profiling
[14:25:36] [Server thread/INFO]: Using 4 threads for Netty based IO
[14:25:36] [Server thread/INFO]: Server Ping Player Sample Count: 12
[14:25:37] [Server thread/INFO]: [MoonriseCommon] Paper is using 4 worker threads, 1 I/O threads
[14:25:37] [Server thread/INFO]: Default game type: CREATIVE
[14:25:37] [Server thread/INFO]: Generating keypair
[14:25:37] [Server thread/INFO]: Starting Minecraft server on *:25565
[14:25:37] [Server thread/INFO]: Paper: Using Java compression from Velocity.
[14:25:37] [Server thread/INFO]: Paper: Using Java cipher from Velocity.
[14:25:37] [Server thread/INFO]: Server permissions file permissions.yml is empty, ignoring it
[14:25:37] [Server thread/WARN]: **** SERVER IS RUNNING IN OFFLINE/INSECURE MODE!
[14:25:37] [Server thread/WARN]: The server will make no attempt to authenticate usernames. Beware.
[14:25:37] [Server thread/WARN]: While this makes the game possible to play without internet access, it also opens up the ability for hackers to connect with any username they choose.
[14:25:37] [Server thread/WARN]: To change this, set "online-mode" to "true" in the server.properties file.
[14:25:37] [Server thread/INFO]: Preparing level "flat_world"
[14:25:38] [Server thread/INFO]: Loading 0 persistent chunks for world 'minecraft:overworld'...
[14:25:38] [Server thread/INFO]: Preparing spawn area: 100%
[14:25:38] [Server thread/INFO]: Prepared spawn area in 1 ms
[14:25:38] [Server thread/INFO]: Loading 0 persistent chunks for world 'minecraft:the_nether'...
[14:25:38] [Server thread/INFO]: Prepared spawn area in 0 ms
[14:25:38] [Server thread/INFO]: Loading 0 persistent chunks for world 'minecraft:the_end'...
[14:25:38] [Server thread/INFO]: Prepared spawn area in 0 ms
[14:25:38] [Server thread/INFO]: Done preparing level "flat_world" (0.419s)
[14:25:38] [Server thread/INFO]: [spark] Starting background profiler...
[14:25:38] [Server thread/INFO]: [spark] The async-profiler engine is not supported for your os/arch (macosx/x86_64), so the built-in Java engine will be used instead.
[14:25:38] [Server thread/INFO]: Running delayed init tasks
[14:25:38] [Server thread/INFO]: Done (11.743s)! For help, type "help"
[14:25:44] [User Authenticator #0/INFO]: UUID of player haarrublar is 1f4c4108-b764-3915-9cba-37814d6438d8
[14:25:45] [Server thread/INFO]: haarrublar joined the game
[14:25:45] [Server thread/INFO]: haarrublar[/10.0.0.128:65100] logged in with entity id 38 at ([flat_world]0.5, -60.0, -5.5)
[14:32:39] [Server console handler/WARN]: java.lang.Throwable: Server stopped
[14:32:39] [Server console handler/WARN]: 	at io.papermc.paper.util.TraceUtil.dumpTraceForThread(TraceUtil.java:16)
[14:32:39] [Server console handler/WARN]: 	at net.minecraft.server.MinecraftServer.safeShutdown(MinecraftServer.java:1112)
[14:32:39] [Server console handler/WARN]: 	at net.minecraft.server.MinecraftServer.halt(MinecraftServer.java:1107)
[14:32:39] [Server console handler/WARN]: 	at com.destroystokyo.paper.console.PaperConsole.shutdown(PaperConsole.java:50)
[14:32:39] [Server console handler/WARN]: 	at net.minecrell.terminalconsole.SimpleTerminalConsole.readCommands(SimpleTerminalConsole.java:171)
[14:32:39] [Server console handler/WARN]: 	at net.minecrell.terminalconsole.SimpleTerminalConsole.start(SimpleTerminalConsole.java:141)
[14:32:39] [Server console handler/WARN]: 	at net.minecraft.server.dedicated.DedicatedServer$1.run(DedicatedServer.java:198)
[14:32:39] [Server thread/INFO]: Stopping server
[14:32:39] [Server thread/INFO]: Saving players
[14:32:39] [Server thread/INFO]: haarrublar lost connection: Server closed
[14:32:39] [Server thread/INFO]: haarrublar left the game
[14:32:39] [Server thread/INFO]: Saving worlds
[14:32:39] [Server thread/INFO]: Saving chunks for level 'ServerLevel[flat_world]'/minecraft:overworld
[14:32:39] [Server thread/INFO]: [ChunkHolderManager] Waiting 60s for chunk system to halt for world 'flat_world'
[14:32:39] [Server thread/INFO]: [ChunkHolderManager] Halted chunk system for world 'flat_world'
[14:32:39] [Server thread/INFO]: [ChunkHolderManager] Saving all chunkholders for world 'flat_world'
[14:32:39] [Server thread/INFO]: [ChunkHolderManager] Saved 1586 block chunks, 619 entity chunks, 15 poi chunks in world 'flat_world' in 0.41s
[14:32:39] [Server thread/INFO]: [ChunkHolderManager] Waiting 60s for chunk I/O to halt for world 'flat_world'
[14:32:39] [Server thread/INFO]: [ChunkHolderManager] Halted I/O scheduler for world 'flat_world'
[14:32:39] [Server thread/INFO]: Saving chunks for level 'ServerLevel[flat_world_nether]'/minecraft:the_nether
[14:32:39] [Server thread/INFO]: [ChunkHolderManager] Waiting 60s for chunk system to halt for world 'flat_world_nether'
[14:32:39] [Server thread/INFO]: [ChunkHolderManager] Halted chunk system for world 'flat_world_nether'
[14:32:39] [Server thread/INFO]: [ChunkHolderManager] Saving all chunkholders for world 'flat_world_nether'
[14:32:39] [Server thread/INFO]: [ChunkHolderManager] Saved 0 block chunks, 0 entity chunks, 0 poi chunks in world 'flat_world_nether' in 0.00s
[14:32:39] [Server thread/INFO]: [ChunkHolderManager] Waiting 60s for chunk I/O to halt for world 'flat_world_nether'
[14:32:39] [Server thread/INFO]: [ChunkHolderManager] Halted I/O scheduler for world 'flat_world_nether'
[14:32:39] [Server thread/INFO]: Saving chunks for level 'ServerLevel[flat_world_the_end]'/minecraft:the_end
[14:32:39] [Server thread/INFO]: [ChunkHolderManager] Waiting 60s for chunk system to halt for world 'flat_world_the_end'
[14:32:39] [Server thread/INFO]: [ChunkHolderManager] Halted chunk system for world 'flat_world_the_end'
[14:32:39] [Server thread/INFO]: [ChunkHolderManager] Saving all chunkholders for world 'flat_world_the_end'
[14:32:39] [Server thread/INFO]: [ChunkHolderManager] Saved 0 block chunks, 0 entity chunks, 0 poi chunks in world 'flat_world_the_end' in 0.00s
[14:32:39] [Server thread/INFO]: [ChunkHolderManager] Waiting 60s for chunk I/O to halt for world 'flat_world_the_end'
[14:32:39] [Server thread/INFO]: [ChunkHolderManager] Halted I/O scheduler for world 'flat_world_the_end'
[14:32:39] [Server thread/INFO]: ThreadedAnvilChunkStorage (flat_world): All chunks are saved
[14:32:39] [Server thread/INFO]: ThreadedAnvilChunkStorage (DIM-1): All chunks are saved
[14:32:39] [Server thread/INFO]: ThreadedAnvilChunkStorage (DIM1): All chunks are saved
[14:32:39] [Server thread/INFO]: ThreadedAnvilChunkStorage: All dimensions are saved
[14:32:39] [Server thread/INFO]: Waiting for all RegionFile I/O tasks to complete...
[14:32:39] [Server thread/INFO]: All RegionFile I/O tasks to complete
[14:32:39] [Server thread/INFO]: [MoonriseCommon] Awaiting termination of worker pool for up to 60s...
[14:32:39] [Server thread/INFO]: [MoonriseCommon] Awaiting termination of I/O pool for up to 60s...
[14:32:39] [Thread-0/WARN]: java.lang.Throwable: Server stopped
[14:32:39] [Thread-0/WARN]: 	at io.papermc.paper.util.TraceUtil.dumpTraceForThread(TraceUtil.java:16)
[14:32:39] [Thread-0/WARN]: 	at net.minecraft.server.MinecraftServer.safeShutdown(MinecraftServer.java:1112)
[14:32:39] [Thread-0/WARN]: 	at org.bukkit.craftbukkit.util.ServerShutdownThread.run(ServerShutdownThread.java:17)
